#
# There is insufficient memory for the Java Runtime Environment to continue.
# Native memory allocation (malloc) failed to allocate 166096 bytes for Chunk::new
# Possible reasons:
#   The system is out of physical RAM or swap space
#   In 32 bit mode, the process size limit was hit
# Possible solutions:
#   Reduce memory load on the system
#   Increase physical memory or swap space
#   Check if swap backing store is full
#   Use 64 bit Java on a 64 bit OS
#   Decrease Java heap size (-Xmx/-Xms)
#   Decrease number of Java threads
#   Decrease Java thread stack sizes (-Xss)
#   Set larger code cache with -XX:ReservedCodeCacheSize=
# This output file may be truncated or incomplete.
#
#  Out of Memory Error (allocation.cpp:323), pid=1536, tid=3700
#
# JRE version: Java(TM) SE Runtime Environment (7.0_79-b15) (build 1.7.0_79-b15)
# Java VM: Java HotSpot(TM) 64-Bit Server VM (24.79-b02 mixed mode windows-amd64 compressed oops)
# Failed to write core dump. Minidumps are not enabled by default on client versions of Windows
#

---------------  T H R E A D  ---------------

Current thread (0x000000000858d000):  JavaThread "C2 CompilerThread1" daemon [_thread_in_native, id=3700, stack(0x0000000009fa0000,0x000000000a0a0000)]

Stack: [0x0000000009fa0000,0x000000000a0a0000]
[error occurred during error reporting (printing stack bounds), id 0xc0000005]


Current CompileTask:
C2:   9111  387             com.android.dx.ssa.back.SsaToRop::convertBasicBlock (126 bytes)


---------------  P R O C E S S  ---------------

Java Threads: ( => current thread )
  0x000000000858e000 JavaThread "Service Thread" daemon [_thread_blocked, id=2564, stack(0x000000000a0d0000,0x000000000a1d0000)]
=>0x000000000858d000 JavaThread "C2 CompilerThread1" daemon [_thread_in_native, id=3700, stack(0x0000000009fa0000,0x000000000a0a0000)]
  0x000000000858a000 JavaThread "C2 CompilerThread0" daemon [_thread_in_native, id=2768, stack(0x0000000009d70000,0x0000000009e70000)]
  0x0000000008587000 JavaThread "Attach Listener" daemon [_thread_blocked, id=2148, stack(0x0000000009b70000,0x0000000009c70000)]
  0x0000000008582000 JavaThread "Signal Dispatcher" daemon [_thread_blocked, id=4736, stack(0x00000000099b0000,0x0000000009ab0000)]
  0x0000000008527800 JavaThread "Finalizer" daemon [_thread_blocked, id=4988, stack(0x0000000009730000,0x0000000009830000)]
  0x0000000008520800 JavaThread "Reference Handler" daemon [_thread_blocked, id=4600, stack(0x00000000095b0000,0x00000000096b0000)]
  0x00000000021bf000 JavaThread "main" [_thread_in_vm, id=3964, stack(0x0000000002490000,0x0000000002590000)]

Other Threads:
  0x000000000851b000 VMThread [stack: 0x0000000009480000,0x0000000009580000] [id=4820]
  0x0000000008597800 WatcherThread [stack: 0x0000000009e80000,0x0000000009f80000] [id=3012]

VM state:not at safepoint (normal execution)

VM Mutex/Monitor currently owned by a thread: None

Heap
 PSYoungGen      total 34304K, used 33389K [0x00000000eaa80000, 0x00000000ece80000, 0x0000000100000000)
  eden space 31744K, 97% used [0x00000000eaa80000,0x00000000ec89e740,0x00000000ec980000)
  from space 2560K, 99% used [0x00000000ec980000,0x00000000ecbfcd88,0x00000000ecc00000)
  to   space 2560K, 0% used [0x00000000ecc00000,0x00000000ecc00000,0x00000000ece80000)
 ParOldGen       total 40960K, used 9797K [0x00000000c0000000, 0x00000000c2800000, 0x00000000eaa80000)
  object space 40960K, 23% used [0x00000000c0000000,0x00000000c0991590,0x00000000c2800000)
 PSPermGen       total 21504K, used 5963K [0x00000000bae00000, 0x00000000bc300000, 0x00000000c0000000)
  object space 21504K, 27% used [0x00000000bae00000,0x00000000bb3d2da8,0x00000000bc300000)

Card table byte_map: [0x0000000005590000,0x00000000057c0000] byte_map_base: 0x0000000004fb9000

Polling page: 0x0000000000340000

Code Cache  [0x0000000002590000, 0x0000000002800000, 0x0000000005590000)
 total_blobs=678 nmethods=441 adapters=189 free_code_cache=47186Kb largest_free_block=48280832

Compilation events (10 events):
Event: 8.196 Thread 0x000000000858d000 nmethod 382 0x0000000002726b90 code [0x0000000002726cc0, 0x0000000002726d38]
Event: 8.196 Thread 0x000000000858d000  383             com.android.dx.util.LabeledList::<init> (57 bytes)
Event: 8.203 Thread 0x000000000858d000 nmethod 383 0x0000000002729210 code [0x0000000002729380, 0x0000000002729708]
Event: 8.203 Thread 0x000000000858d000  384             com.android.dx.ssa.SsaConverter::nodeNeedsUniquePredecessor (32 bytes)
Event: 8.206 Thread 0x000000000858d000 nmethod 384 0x0000000002728e50 code [0x0000000002728fa0, 0x00000000027290d8]
Event: 8.206 Thread 0x000000000858d000  385             com.android.dx.rop.code.Rop::canThrow (18 bytes)
Event: 8.206 Thread 0x000000000858d000 nmethod 385 0x0000000002726850 code [0x00000000027269a0, 0x0000000002726a38]
Event: 8.206 Thread 0x000000000858d000  386             com.android.dx.ssa.SsaMethod::convertRopToSsaBlocks (103 bytes)
Event: 8.226 Thread 0x000000000858d000 nmethod 386 0x000000000273c190 code [0x000000000273c3c0, 0x000000000273cd90]
Event: 8.226 Thread 0x000000000858d000  387             com.android.dx.ssa.back.SsaToRop::convertBasicBlock (126 bytes)

GC Heap History (6 events):
Event: 2.983 GC heap before
{Heap before GC invocations=1 (full 0):
 PSYoungGen      total 18432K, used 15872K [0x00000000eaa80000, 0x00000000ebf00000, 0x0000000100000000)
  eden space 15872K, 100% used [0x00000000eaa80000,0x00000000eba00000,0x00000000eba00000)
  from space 2560K, 0% used [0x00000000ebc80000,0x00000000ebc80000,0x00000000ebf00000)
  to   space 2560K, 0% used [0x00000000eba00000,0x00000000eba00000,0x00000000ebc80000)
 ParOldGen       total 40960K, used 0K [0x00000000c0000000, 0x00000000c2800000, 0x00000000eaa80000)
  object space 40960K, 0% used [0x00000000c0000000,0x00000000c0000000,0x00000000c2800000)
 PSPermGen       total 21504K, used 5619K [0x00000000bae00000, 0x00000000bc300000, 0x00000000c0000000)
  object space 21504K, 26% used [0x00000000bae00000,0x00000000bb37ce88,0x00000000bc300000)
Event: 3.037 GC heap after
Heap after GC invocations=1 (full 0):
 PSYoungGen      total 18432K, used 2538K [0x00000000eaa80000, 0x00000000ece80000, 0x0000000100000000)
  eden space 15872K, 0% used [0x00000000eaa80000,0x00000000eaa80000,0x00000000eba00000)
  from space 2560K, 99% used [0x00000000eba00000,0x00000000ebc7ab00,0x00000000ebc80000)
  to   space 2560K, 0% used [0x00000000ecc00000,0x00000000ecc00000,0x00000000ece80000)
 ParOldGen       total 40960K, used 1392K [0x00000000c0000000, 0x00000000c2800000, 0x00000000eaa80000)
  object space 40960K, 3% used [0x00000000c0000000,0x00000000c015c300,0x00000000c2800000)
 PSPermGen       total 21504K, used 5619K [0x00000000bae00000, 0x00000000bc300000, 0x00000000c0000000)
  object space 21504K, 26% used [0x00000000bae00000,0x00000000bb37ce88,0x00000000bc300000)
}
Event: 4.466 GC heap before
{Heap before GC invocations=2 (full 0):
 PSYoungGen      total 18432K, used 18410K [0x00000000eaa80000, 0x00000000ece80000, 0x0000000100000000)
  eden space 15872K, 100% used [0x00000000eaa80000,0x00000000eba00000,0x00000000eba00000)
  from space 2560K, 99% used [0x00000000eba00000,0x00000000ebc7ab00,0x00000000ebc80000)
  to   space 2560K, 0% used [0x00000000ecc00000,0x00000000ecc00000,0x00000000ece80000)
 ParOldGen       total 40960K, used 1392K [0x00000000c0000000, 0x00000000c2800000, 0x00000000eaa80000)
  object space 40960K, 3% used [0x00000000c0000000,0x00000000c015c300,0x00000000c2800000)
 PSPermGen       total 21504K, used 5814K [0x00000000bae00000, 0x00000000bc300000, 0x00000000c0000000)
  object space 21504K, 27% used [0x00000000bae00000,0x00000000bb3adb98,0x00000000bc300000)
Event: 5.370 GC heap after
Heap after GC invocations=2 (full 0):
 PSYoungGen      total 34304K, used 2528K [0x00000000eaa80000, 0x00000000ece80000, 0x0000000100000000)
  eden space 31744K, 0% used [0x00000000eaa80000,0x00000000eaa80000,0x00000000ec980000)
  from space 2560K, 98% used [0x00000000ecc00000,0x00000000ece78080,0x00000000ece80000)
  to   space 2560K, 0% used [0x00000000ec980000,0x00000000ec980000,0x00000000ecc00000)
 ParOldGen       total 40960K, used 4232K [0x00000000c0000000, 0x00000000c2800000, 0x00000000eaa80000)
  object space 40960K, 10% used [0x00000000c0000000,0x00000000c04221c8,0x00000000c2800000)
 PSPermGen       total 21504K, used 5814K [0x00000000bae00000, 0x00000000bc300000, 0x00000000c0000000)
  object space 21504K, 27% used [0x00000000bae00000,0x00000000bb3adb98,0x00000000bc300000)
}
Event: 7.112 GC heap before
{Heap before GC invocations=3 (full 0):
 PSYoungGen      total 34304K, used 34272K [0x00000000eaa80000, 0x00000000ece80000, 0x0000000100000000)
  eden space 31744K, 100% used [0x00000000eaa80000,0x00000000ec980000,0x00000000ec980000)
  from space 2560K, 98% used [0x00000000ecc00000,0x00000000ece78080,0x00000000ece80000)
  to   space 2560K, 0% used [0x00000000ec980000,0x00000000ec980000,0x00000000ecc00000)
 ParOldGen       total 40960K, used 4232K [0x00000000c0000000, 0x00000000c2800000, 0x00000000eaa80000)
  object space 40960K, 10% used [0x00000000c0000000,0x00000000c04221c8,0x00000000c2800000)
 PSPermGen       total 21504K, used 5890K [0x00000000bae00000, 0x00000000bc300000, 0x00000000c0000000)
  object space 21504K, 27% used [0x00000000bae00000,0x00000000bb3c0bb0,0x00000000bc300000)
Event: 7.255 GC heap after
Heap after GC invocations=3 (full 0):
 PSYoungGen      total 34304K, used 2547K [0x00000000eaa80000, 0x00000000ece80000, 0x0000000100000000)
  eden space 31744K, 0% used [0x00000000eaa80000,0x00000000eaa80000,0x00000000ec980000)
  from space 2560K, 99% used [0x00000000ec980000,0x00000000ecbfcd88,0x00000000ecc00000)
  to   space 2560K, 0% used [0x00000000ecc00000,0x00000000ecc00000,0x00000000ece80000)
 ParOldGen       total 40960K, used 9797K [0x00000000c0000000, 0x00000000c2800000, 0x00000000eaa80000)
  object space 40960K, 23% used [0x00000000c0000000,0x00000000c0991590,0x00000000c2800000)
 PSPermGen       total 21504K, used 5890K [0x00000000bae00000, 0x00000000bc300000, 0x00000000c0000000)
  object space 21504K, 27% used [0x00000000bae00000,0x00000000bb3c0bb0,0x00000000bc300000)
}

Deoptimization events (10 events):
Event: 3.167 Thread 0x000000000a2d4800 Uncommon trap: reason=class_check action=maybe_recompile pc=0x000000000261bdd8 method=com.android.dx.ssa.NormalSsaInsn.accept(Lcom/android/dx/ssa/SsaInsn$Visitor;)V @ 9
Event: 3.173 Thread 0x000000000a2d4800 Uncommon trap: reason=class_check action=maybe_recompile pc=0x0000000002609634 method=com.android.dx.ssa.NormalSsaInsn.accept(Lcom/android/dx/ssa/SsaInsn$Visitor;)V @ 9
Event: 3.663 Thread 0x000000000a2c8000 Uncommon trap: reason=null_check action=make_not_entrant pc=0x0000000002631548 method=com.android.dx.ssa.SsaRenamer.getLocalForNewReg(I)Lcom/android/dx/rop/code/LocalItem; @ 19
Event: 3.663 Thread 0x000000000a2c8000 Uncommon trap: reason=null_check action=make_not_entrant pc=0x0000000002639d10 method=com.android.dx.ssa.SsaRenamer.getLocalForNewReg(I)Lcom/android/dx/rop/code/LocalItem; @ 19
Event: 5.937 Thread 0x000000000a2c8000 Uncommon trap: reason=null_check action=make_not_entrant pc=0x00000000026826e0 method=com.android.dx.rop.code.RegisterSpec.equals(Ljava/lang/Object;)Z @ 1
Event: 6.098 Thread 0x000000000a2c8000 Uncommon trap: reason=unreached action=reinterpret pc=0x00000000026634c4 method=com.android.dx.ssa.SCCP.simulateBranch(Lcom/android/dx/ssa/SsaInsn;)V @ 132
Event: 6.721 Thread 0x00000000021bf000 Uncommon trap: reason=null_check action=make_not_entrant pc=0x00000000026c291c method=com.android.dx.cf.code.Ropper$CatchInfo.getSetup(Lcom/android/dx/rop/type/Type;)Lcom/android/dx/cf/code/Ropper$ExceptionHandlerSetup; @ 10
Event: 6.901 Thread 0x000000000a2ff800 Uncommon trap: reason=class_check action=maybe_recompile pc=0x00000000026295dc method=java.util.HashMap.put(Ljava/lang/Object;Ljava/lang/Object;)Ljava/lang/Object; @ 83
Event: 6.920 Thread 0x000000000a41f800 Uncommon trap: reason=unreached action=reinterpret pc=0x00000000026bb7bc method=com.android.dx.rop.code.LocalVariableExtractor.processBlock(I)V @ 195
Event: 7.017 Thread 0x00000000021bf000 Uncommon trap: reason=null_check action=make_not_entrant pc=0x00000000026b5f24 method=com.android.dx.rop.type.Type.putIntern(Lcom/android/dx/rop/type/Type;)Lcom/android/dx/rop/type/Type; @ 18

Internal exceptions (10 events):
Event: 3.663 Thread 0x000000000a2c8000 Implicit null exception at 0x000000000262ff9e to 0x000000000263151d
Event: 3.663 Thread 0x000000000a2c8000 Implicit null exception at 0x000000000263930e to 0x0000000002639cf5
Event: 3.703 Thread 0x00000000021bf000 Threw 0x00000000eb5ce4e0 at C:\re\jdk7u79\2331\hotspot\src\share\vm\prims\jvm.cpp:1304
Event: 3.705 Thread 0x00000000021bf000 Threw 0x00000000eb5d81d0 at C:\re\jdk7u79\2331\hotspot\src\share\vm\prims\jvm.cpp:1304
Event: 3.705 Thread 0x00000000021bf000 Threw 0x00000000eb5da388 at C:\re\jdk7u79\2331\hotspot\src\share\vm\prims\jvm.cpp:1304
Event: 5.937 Thread 0x000000000a2c8000 Implicit null exception at 0x0000000002681962 to 0x0000000002682699
Event: 6.099 Thread 0x000000000a2c8000 Threw 0x00000000eae526f8 at C:\re\jdk7u79\2331\hotspot\src\share\vm\prims\jvm.cpp:1304
Event: 6.721 Thread 0x00000000021bf000 Implicit null exception at 0x00000000026c08fd to 0x00000000026c2911
Event: 7.017 Thread 0x00000000021bf000 Implicit null exception at 0x00000000026b5833 to 0x00000000026b5f15
Event: 7.625 Thread 0x000000000a41f800 Threw 0x00000000ebab96a0 at C:\re\jdk7u79\2331\hotspot\src\share\vm\prims\jvm.cpp:1304

Events (10 events):
Event: 6.920 Thread 0x000000000a41f800 DEOPT PACKING pc=0x00000000026bb7bc sp=0x000000000ae1efd0
Event: 6.920 Thread 0x000000000a41f800 DEOPT UNPACKING pc=0x00000000025c75a4 sp=0x000000000ae1ef60 mode 2
Event: 7.017 Thread 0x00000000021bf000 Uncommon trap: trap_request=0xfffffff4 fr.pc=0x00000000026b5f24
Event: 7.017 Thread 0x00000000021bf000 DEOPT PACKING pc=0x00000000026b5f24 sp=0x000000000258e790
Event: 7.017 Thread 0x00000000021bf000 DEOPT UNPACKING pc=0x00000000025c75a4 sp=0x000000000258e6b0 mode 2
Event: 7.067 Executing VM operation: ParallelGCFailedAllocation
Event: 7.255 Executing VM operation: ParallelGCFailedAllocation done
Event: 7.341 Thread 0x000000000858a000 flushing nmethod 0x0000000002613b50
Event: 7.625 loading class 0x000000000a515a60
Event: 7.625 loading class 0x000000000a515a60 done


Dynamic libraries:
0x000000013fa60000 - 0x000000013fa93000 	C:\Program Files\Java\jdk1.7.0_79\bin\java.exe
0x00000000774f0000 - 0x0000000077699000 	C:\Windows\SYSTEM32\ntdll.dll
0x00000000772d0000 - 0x00000000773ef000 	C:\Windows\system32\kernel32.dll
0x000007fefd390000 - 0x000007fefd3fb000 	C:\Windows\system32\KERNELBASE.dll
0x000007fefef20000 - 0x000007fefeffb000 	C:\Windows\system32\ADVAPI32.dll
0x000007fefd830000 - 0x000007fefd8cf000 	C:\Windows\system32\msvcrt.dll
0x000007fefe880000 - 0x000007fefe89f000 	C:\Windows\SYSTEM32\sechost.dll
0x000007fefe8a0000 - 0x000007fefe9cd000 	C:\Windows\system32\RPCRT4.dll
0x00000000773f0000 - 0x00000000774ea000 	C:\Windows\system32\USER32.dll
0x000007feff4e0000 - 0x000007feff547000 	C:\Windows\system32\GDI32.dll
0x000007feff440000 - 0x000007feff44e000 	C:\Windows\system32\LPK.dll
0x000007fefec30000 - 0x000007fefecf9000 	C:\Windows\system32\USP10.dll
0x000007fefb800000 - 0x000007fefb9f4000 	C:\Windows\WinSxS\amd64_microsoft.windows.common-controls_6595b64144ccf1df_6.0.7601.17514_none_fa396087175ac9ac\COMCTL32.dll
0x000007fefe9d0000 - 0x000007fefea41000 	C:\Windows\system32\SHLWAPI.dll
0x000007feff450000 - 0x000007feff47e000 	C:\Windows\system32\IMM32.DLL
0x000007fefd9e0000 - 0x000007fefdae9000 	C:\Windows\system32\MSCTF.dll
0x0000000072490000 - 0x0000000072562000 	C:\Program Files\Java\jdk1.7.0_79\jre\bin\msvcr100.dll
0x0000000072570000 - 0x0000000072d45000 	C:\Program Files\Java\jdk1.7.0_79\jre\bin\server\jvm.dll
0x000007fef9ba0000 - 0x000007fef9ba9000 	C:\Windows\system32\WSOCK32.dll
0x000007fefd970000 - 0x000007fefd9bd000 	C:\Windows\system32\WS2_32.dll
0x000007fefef10000 - 0x000007fefef18000 	C:\Windows\system32\NSI.dll
0x000007fefab80000 - 0x000007fefabbb000 	C:\Windows\system32\WINMM.dll
0x00000000776b0000 - 0x00000000776b7000 	C:\Windows\system32\PSAPI.DLL
0x0000000072480000 - 0x000000007248f000 	C:\Program Files\Java\jdk1.7.0_79\jre\bin\verify.dll
0x00000000720c0000 - 0x00000000720e8000 	C:\Program Files\Java\jdk1.7.0_79\jre\bin\java.dll
0x00000000720a0000 - 0x00000000720b5000 	C:\Program Files\Java\jdk1.7.0_79\jre\bin\zip.dll
0x0000000072080000 - 0x000000007209a000 	C:\Program Files\Java\jdk1.7.0_79\jre\bin\net.dll
0x000007fefcac0000 - 0x000007fefcb15000 	C:\Windows\system32\mswsock.dll
0x000007fefcc40000 - 0x000007fefcc47000 	C:\Windows\System32\wship6.dll
0x0000000072060000 - 0x0000000072071000 	C:\Program Files\Java\jdk1.7.0_79\jre\bin\nio.dll

VM Arguments:
jvm_args: -Djava.awt.headless=true -Xmx1024M -Dfile.encoding=windows-1252 -Duser.country=US -Duser.language=en -Duser.variant 
java_command: com.android.dx.command.Main --dex --num-threads=4 --output D:\ProjectAndroid\random-master\app\build\intermediates\pre-dexed\debug\ControlPanelService_cea1dcbd1c462c7627f7d4e85a4df916a991144e.jar D:\ProjectAndroid\random-master\app\libs\ControlPanelService.jar
Launcher Type: SUN_STANDARD

Environment Variables:
JAVA_HOME=C:\Program Files\Java\jdk1.7.0_79
PATH=C:\Windows\system32;C:\Windows;C:\Windows\System32\Wbem;C:\Windows\System32\WindowsPowerShell\v1.0\;C:\Program Files (x86)\Skype\Phone\;C:\Program Files\Java\jdk1.7.0_79\bin;.;
USERNAME=Administrator
OS=Windows_NT
PROCESSOR_IDENTIFIER=Intel64 Family 6 Model 42 Stepping 7, GenuineIntel



---------------  S Y S T E M  ---------------

OS: Windows 7 , 64 bit Build 7601 Service Pack 1

CPU:total 4 (2 cores per cpu, 2 threads per core) family 6 model 42 stepping 7, cmov, cx8, fxsr, mmx, sse, sse2, sse3, ssse3, sse4.1, sse4.2, popcnt, avx, aes, ht, tsc, tscinvbit

Memory: 4k page, physical 3966096k(1140148k free), swap 3966096k(336096k free)

vm_info: Java HotSpot(TM) 64-Bit Server VM (24.79-b02) for windows-amd64 JRE (1.7.0_79-b15), built on Apr 10 2015 12:36:16 by "java_re" with unknown MS VC++:1600

time: Fri May 27 16:43:53 2016
elapsed time: 9 seconds

